2020-01-07 14:36:56 [scrapy.utils.log] INFO: Scrapy 1.6.0 started (bot: craw)
2020-01-07 14:36:56 [scrapy.utils.log] INFO: Versions: lxml 4.3.3.0, libxml2 2.9.4, cssselect 1.0.3, parsel 1.5.1, w3lib 1.20.0, Twisted 19.2.0, Python 3.5.1 (v3.5.1:37a07cee5969, Dec  5 2015, 21:12:44) - [GCC 4.2.1 (Apple Inc. build 5666) (dot 3)], pyOpenSSL 16.2.0 (OpenSSL 1.0.2k  26 Jan 2017), cryptography 1.7.2, Platform Darwin-18.2.0-x86_64-i386-64bit
2020-01-07 14:36:56 [scrapy.crawler] INFO: Overridden settings: {'BOT_NAME': 'craw', 'RETRY_TIMES': 10, 'COOKIES_ENABLED': False, 'NEWSPIDER_MODULE': 'craw.spiders', 'CONCURRENT_REQUESTS': 32, 'HTTPCACHE_ENABLED': True, 'SPIDER_MODULES': ['craw.spiders'], 'LOG_FILE': 'craw.log', 'SCHEDULER': 'scrapy_redis.scheduler.Scheduler', 'DOWNLOAD_TIMEOUT': 60, 'DUPEFILTER_CLASS': 'scrapy_redis.dupefilter.RFPDupeFilter', 'DOWNLOAD_DELAY': 0.5}
2020-01-07 14:36:56 [scrapy.extensions.telnet] INFO: Telnet Password: 81c1a27795f93ec6
2020-01-07 14:36:56 [scrapy.middleware] INFO: Enabled extensions:
['scrapy.extensions.corestats.CoreStats',
 'scrapy.extensions.logstats.LogStats',
 'scrapy.extensions.memusage.MemoryUsage',
 'scrapy.extensions.telnet.TelnetConsole']
2020-01-07 14:36:56 [kc_slave] INFO: Reading start URLs from redis key 'kc0011_slave:start_urls' (batch size: 32, encoding: utf-8
2020-01-07 14:36:57 [scrapy.middleware] INFO: Enabled downloader middlewares:
['scrapy.downloadermiddlewares.httpauth.HttpAuthMiddleware',
 'scrapy.downloadermiddlewares.downloadtimeout.DownloadTimeoutMiddleware',
 'scrapy.downloadermiddlewares.defaultheaders.DefaultHeadersMiddleware',
 'scrapy.downloadermiddlewares.useragent.UserAgentMiddleware',
 'craw.middlewares.RandomUserAgent',
 'scrapy.downloadermiddlewares.retry.RetryMiddleware',
 'scrapy.downloadermiddlewares.redirect.MetaRefreshMiddleware',
 'scrapy.downloadermiddlewares.httpcompression.HttpCompressionMiddleware',
 'scrapy.downloadermiddlewares.redirect.RedirectMiddleware',
 'scrapy.downloadermiddlewares.httpproxy.HttpProxyMiddleware',
 'scrapy.downloadermiddlewares.stats.DownloaderStats',
 'scrapy.downloadermiddlewares.httpcache.HttpCacheMiddleware']
2020-01-07 14:36:57 [scrapy.middleware] INFO: Enabled spider middlewares:
['scrapy.spidermiddlewares.httperror.HttpErrorMiddleware',
 'scrapy.spidermiddlewares.offsite.OffsiteMiddleware',
 'scrapy.spidermiddlewares.referer.RefererMiddleware',
 'scrapy.spidermiddlewares.urllength.UrlLengthMiddleware',
 'scrapy.spidermiddlewares.depth.DepthMiddleware']
2020-01-07 14:36:57 [scrapy.middleware] INFO: Enabled item pipelines:
['scrapy_redis.pipelines.RedisPipeline', 'craw.pipelines.MysqlPipeline']
2020-01-07 14:36:57 [scrapy.core.engine] INFO: Spider opened
2020-01-07 14:36:57 [scrapy.extensions.logstats] INFO: Crawled 0 pages (at 0 pages/min), scraped 0 items (at 0 items/min)
2020-01-07 14:36:57 [scrapy.extensions.httpcache] DEBUG: Using filesystem cache storage in /Users/tmackan/PycharmProjects/craw_bbs/.scrapy/httpcache
2020-01-07 14:36:57 [scrapy.extensions.telnet] INFO: Telnet console listening on 127.0.0.1:6023
2020-01-07 14:36:59 [scrapy.core.engine] DEBUG: Crawled (200) <GET http://www.kc0011.net/dispbbs.asp?boardID=19&ID=24329727&page=15> (referer: http://www.kc0011.net)
2020-01-07 14:36:59 [kc_slave] DEBUG: 文章parse---
2020-01-07 14:36:59 [kc_slave] DEBUG: 文章parse 栏目: 交易视点
2020-01-07 14:36:59 [kc_slave] DEBUG: trade_level URL http://www.kc0011.net/dispbbs.asp?boardID=19&ID=24329727&page=15 营销员第3年
2020-01-07 14:36:59 [kc_slave] DEBUG: credit_score URL http://www.kc0011.net/dispbbs.asp?boardID=19&ID=24329727&page=15 1167
2020-01-07 14:36:59 [kc_slave] DEBUG: score_count URL http://www.kc0011.net/dispbbs.asp?boardID=19&ID=24329727&page=15 139
2020-01-07 14:36:59 [kc_slave] DEBUG: post_count URL http://www.kc0011.net/dispbbs.asp?boardID=19&ID=24329727&page=15 4176
2020-01-07 14:36:59 [kc_slave] DEBUG: post_score URL http://www.kc0011.net/dispbbs.asp?boardID=19&ID=24329727&page=15 15070
2020-01-07 14:36:59 [kc_slave] DEBUG: register_time URL http://www.kc0011.net/dispbbs.asp?boardID=19&ID=24329727&page=15 2005年2月16日
2020-01-07 14:36:59 [kc_slave] DEBUG: 信息 ['认证员注：交易级别有效期至2020年9月16日.', '姓名：韩树峰（已通过身份核查，号码一致）', '地址：河北省沧州市运河区宏宇城小区C区\xa0\xa0\xa0\xa0邮编：061000', '电话：0317-3062772\xa0\xa0\xa0\xa0手机：13059866115（微信同号）\xa0\xa0QQ: 1477818520', 'E-mail和支付宝账号:hanshufeng@126.com', '建行：4367 4201 5001 8111 199\xa0\xa0 韩树峰']
2020-01-07 14:36:59 [kc_slave] DEBUG: remark URL http://www.kc0011.net/dispbbs.asp?boardID=19&ID=24329727&page=15 交易级别有效期至2020年9月16日.
2020-01-07 14:36:59 [kc_slave] DEBUG: name URL http://www.kc0011.net/dispbbs.asp?boardID=19&ID=24329727&page=15 韩树峰
2020-01-07 14:36:59 [kc_slave] DEBUG: address URL http://www.kc0011.net/dispbbs.asp?boardID=19&ID=24329727&page=15 河北省沧州市运河区宏宇城小区C区    邮编
2020-01-07 14:36:59 [kc_slave] DEBUG: fixed_phone URL http://www.kc0011.net/dispbbs.asp?boardID=19&ID=24329727&page=15 0317-3062772
2020-01-07 14:36:59 [kc_slave] DEBUG: phone_1 URL http://www.kc0011.net/dispbbs.asp?boardID=19&ID=24329727&page=15 13059866115
2020-01-07 14:36:59 [kc_slave] DEBUG: phone_2 URL http://www.kc0011.net/dispbbs.asp?boardID=19&ID=24329727&page=15 None
2020-01-07 14:36:59 [kc_slave] DEBUG: 文章parse 文章URl http://www.kc0011.net/dispbbs.asp?boardID=19&ID=24329727&page=15 用户信息 {'address': '河北省沧州市运河区宏宇城小区C区\xa0\xa0\xa0\xa0邮编',
 'credit_score': '1167',
 'fixed_phone': '0317-3062772',
 'name': '韩树峰',
 'phone_1': '13059866115',
 'phone_2': '',
 'post_count': '4176',
 'post_score': '15070',
 'register_time': '2005年2月16日',
 'remark': '交易级别有效期至2020年9月16日.',
 'score_count': '139',
 'trade_level': '营销员第3年',
 'userid': 'hsf722'}
2020-01-07 14:37:00 [PIL.Image] DEBUG: Importing BmpImagePlugin
2020-01-07 14:37:00 [PIL.Image] DEBUG: Importing BufrStubImagePlugin
2020-01-07 14:37:00 [PIL.Image] DEBUG: Importing CurImagePlugin
2020-01-07 14:37:00 [PIL.Image] DEBUG: Importing DcxImagePlugin
2020-01-07 14:37:00 [PIL.Image] DEBUG: Importing DdsImagePlugin
2020-01-07 14:37:00 [PIL.Image] DEBUG: Importing EpsImagePlugin
2020-01-07 14:37:00 [PIL.Image] DEBUG: Importing FitsStubImagePlugin
2020-01-07 14:37:00 [PIL.Image] DEBUG: Importing FliImagePlugin
2020-01-07 14:37:00 [PIL.Image] DEBUG: Importing FpxImagePlugin
2020-01-07 14:37:00 [PIL.Image] DEBUG: Importing FtexImagePlugin
2020-01-07 14:37:00 [PIL.Image] DEBUG: Importing GbrImagePlugin
2020-01-07 14:37:00 [PIL.Image] DEBUG: Importing GifImagePlugin
2020-01-07 14:37:00 [PIL.Image] DEBUG: Importing GribStubImagePlugin
2020-01-07 14:37:00 [PIL.Image] DEBUG: Importing Hdf5StubImagePlugin
2020-01-07 14:37:00 [PIL.Image] DEBUG: Importing IcnsImagePlugin
2020-01-07 14:37:00 [PIL.Image] DEBUG: Importing IcoImagePlugin
2020-01-07 14:37:00 [PIL.Image] DEBUG: Importing ImImagePlugin
2020-01-07 14:37:00 [PIL.Image] DEBUG: Importing ImtImagePlugin
2020-01-07 14:37:00 [PIL.Image] DEBUG: Importing IptcImagePlugin
2020-01-07 14:37:00 [PIL.Image] DEBUG: Importing JpegImagePlugin
2020-01-07 14:37:00 [PIL.Image] DEBUG: Importing Jpeg2KImagePlugin
2020-01-07 14:37:00 [PIL.Image] DEBUG: Importing McIdasImagePlugin
2020-01-07 14:37:00 [PIL.Image] DEBUG: Importing MicImagePlugin
2020-01-07 14:37:00 [PIL.Image] DEBUG: Importing MpegImagePlugin
2020-01-07 14:37:00 [PIL.Image] DEBUG: Importing MpoImagePlugin
2020-01-07 14:37:00 [PIL.Image] DEBUG: Importing MspImagePlugin
2020-01-07 14:37:00 [PIL.Image] DEBUG: Importing PalmImagePlugin
2020-01-07 14:37:00 [PIL.Image] DEBUG: Importing PcdImagePlugin
2020-01-07 14:37:00 [PIL.Image] DEBUG: Importing PcxImagePlugin
2020-01-07 14:37:00 [PIL.Image] DEBUG: Importing PdfImagePlugin
2020-01-07 14:37:00 [PIL.Image] DEBUG: Importing PixarImagePlugin
2020-01-07 14:37:00 [PIL.Image] DEBUG: Importing PngImagePlugin
2020-01-07 14:37:00 [PIL.Image] DEBUG: Importing PpmImagePlugin
2020-01-07 14:37:00 [PIL.Image] DEBUG: Importing PsdImagePlugin
2020-01-07 14:37:00 [PIL.Image] DEBUG: Importing SgiImagePlugin
2020-01-07 14:37:00 [PIL.Image] DEBUG: Importing SpiderImagePlugin
2020-01-07 14:37:00 [PIL.Image] DEBUG: Importing SunImagePlugin
2020-01-07 14:37:00 [PIL.Image] DEBUG: Importing TgaImagePlugin
2020-01-07 14:37:00 [PIL.Image] DEBUG: Importing TiffImagePlugin
2020-01-07 14:37:00 [PIL.Image] DEBUG: Importing WebPImagePlugin
2020-01-07 14:37:00 [PIL.Image] DEBUG: Importing WmfImagePlugin
2020-01-07 14:37:00 [PIL.Image] DEBUG: Importing XbmImagePlugin
2020-01-07 14:37:00 [PIL.Image] DEBUG: Importing XpmImagePlugin
2020-01-07 14:37:00 [PIL.Image] DEBUG: Importing XVThumbImagePlugin
2020-01-07 14:37:06 [scrapy.core.scraper] DEBUG: Scraped from <200 http://www.kc0011.net/dispbbs.asp?boardID=19&ID=24329727&page=15>
{'category_name': '交易视点', 'userid': 'hsf722'}
2020-01-07 14:37:06 [kc_slave] ERROR: 文章parse失败 list index out of range http://www.kc0011.net/dispbbs.asp?boardID=19&ID=24329727&page=15
Traceback (most recent call last):
  File "/Users/tmackan/PycharmProjects/craw_bbs/craw/spiders/slave_spider.py", line 376, in parse
    user_id = user_info_path.xpath('./div[1]/div[1]/font/b/text()').extract()[0]
IndexError: list index out of range
2020-01-07 14:37:06 [kc_slave] DEBUG: trade_level URL http://www.kc0011.net/dispbbs.asp?boardID=19&ID=24329727&page=15 营销员第3年
2020-01-07 14:37:06 [kc_slave] DEBUG: credit_score URL http://www.kc0011.net/dispbbs.asp?boardID=19&ID=24329727&page=15 1167
2020-01-07 14:37:06 [kc_slave] DEBUG: score_count URL http://www.kc0011.net/dispbbs.asp?boardID=19&ID=24329727&page=15 139
2020-01-07 14:37:06 [kc_slave] DEBUG: post_count URL http://www.kc0011.net/dispbbs.asp?boardID=19&ID=24329727&page=15 4176
2020-01-07 14:37:06 [kc_slave] DEBUG: post_score URL http://www.kc0011.net/dispbbs.asp?boardID=19&ID=24329727&page=15 15070
2020-01-07 14:37:06 [kc_slave] DEBUG: register_time URL http://www.kc0011.net/dispbbs.asp?boardID=19&ID=24329727&page=15 2005年2月16日
2020-01-07 14:37:06 [kc_slave] DEBUG: 信息 ['认证员注：交易级别有效期至2020年9月16日.', '姓名：韩树峰（已通过身份核查，号码一致）', '地址：河北省沧州市运河区宏宇城小区C区\xa0\xa0\xa0\xa0邮编：061000', '电话：0317-3062772\xa0\xa0\xa0\xa0手机：13059866115（微信同号）\xa0\xa0QQ: 1477818520', 'E-mail和支付宝账号:hanshufeng@126.com', '建行：4367 4201 5001 8111 199\xa0\xa0 韩树峰']
2020-01-07 14:37:06 [kc_slave] DEBUG: remark URL http://www.kc0011.net/dispbbs.asp?boardID=19&ID=24329727&page=15 交易级别有效期至2020年9月16日.
2020-01-07 14:37:06 [kc_slave] DEBUG: name URL http://www.kc0011.net/dispbbs.asp?boardID=19&ID=24329727&page=15 韩树峰
2020-01-07 14:37:06 [kc_slave] DEBUG: address URL http://www.kc0011.net/dispbbs.asp?boardID=19&ID=24329727&page=15 河北省沧州市运河区宏宇城小区C区    邮编
2020-01-07 14:37:06 [kc_slave] DEBUG: fixed_phone URL http://www.kc0011.net/dispbbs.asp?boardID=19&ID=24329727&page=15 0317-3062772
2020-01-07 14:37:06 [kc_slave] DEBUG: phone_1 URL http://www.kc0011.net/dispbbs.asp?boardID=19&ID=24329727&page=15 13059866115
2020-01-07 14:37:06 [kc_slave] DEBUG: phone_2 URL http://www.kc0011.net/dispbbs.asp?boardID=19&ID=24329727&page=15 None
2020-01-07 14:37:06 [kc_slave] DEBUG: 文章parse 文章URl http://www.kc0011.net/dispbbs.asp?boardID=19&ID=24329727&page=15 用户信息 {'address': '河北省沧州市运河区宏宇城小区C区\xa0\xa0\xa0\xa0邮编',
 'credit_score': '1167',
 'fixed_phone': '0317-3062772',
 'name': '韩树峰',
 'phone_1': '13059866115',
 'phone_2': '',
 'post_count': '4176',
 'post_score': '15070',
 'register_time': '2005年2月16日',
 'remark': '交易级别有效期至2020年9月16日.',
 'score_count': '139',
 'trade_level': '营销员第3年',
 'userid': 'hsf722'}
2020-01-07 14:37:07 [scrapy.core.engine] DEBUG: Crawled (200) <GET http://www.kc0011.net/dispbbs.asp?boardID=19&ID=24367418&page=14> (referer: http://www.kc0011.net)
2020-01-07 14:37:07 [scrapy.core.engine] DEBUG: Crawled (200) <GET http://www.kc0011.net/dispbbs.asp?boardID=19&ID=24410470&page=14> (referer: http://www.kc0011.net)
2020-01-07 14:37:24 [scrapy.core.scraper] DEBUG: Scraped from <200 http://www.kc0011.net/dispbbs.asp?boardID=19&ID=24329727&page=15>
{'address': '河北省沧州市运河区宏宇城小区C区\xa0\xa0\xa0\xa0邮编',
 'credit_score': '1167',
 'fixed_phone': '0317-3062772',
 'name': '韩树峰',
 'phone_1': '13059866115',
 'phone_2': '',
 'post_count': '4176',
 'post_score': '15070',
 'register_time': '2005年2月16日',
 'remark': '交易级别有效期至2020年9月16日.',
 'score_count': '139',
 'trade_level': '营销员第3年',
 'userid': 'hsf722'}
2020-01-07 14:37:42 [scrapy.core.scraper] DEBUG: Scraped from <200 http://www.kc0011.net/dispbbs.asp?boardID=19&ID=24329727&page=15>
{'category_name': '交易视点', 'userid': 'hsf722'}
2020-01-07 14:37:42 [kc_slave] DEBUG: trade_level URL http://www.kc0011.net/dispbbs.asp?boardID=19&ID=24329727&page=15 营销员第3年
2020-01-07 14:37:42 [kc_slave] DEBUG: credit_score URL http://www.kc0011.net/dispbbs.asp?boardID=19&ID=24329727&page=15 1167
2020-01-07 14:37:42 [kc_slave] DEBUG: score_count URL http://www.kc0011.net/dispbbs.asp?boardID=19&ID=24329727&page=15 139
2020-01-07 14:37:42 [kc_slave] DEBUG: post_count URL http://www.kc0011.net/dispbbs.asp?boardID=19&ID=24329727&page=15 4176
2020-01-07 14:37:42 [kc_slave] DEBUG: post_score URL http://www.kc0011.net/dispbbs.asp?boardID=19&ID=24329727&page=15 15070
2020-01-07 14:37:42 [kc_slave] DEBUG: register_time URL http://www.kc0011.net/dispbbs.asp?boardID=19&ID=24329727&page=15 2005年2月16日
2020-01-07 14:37:42 [kc_slave] DEBUG: 信息 ['认证员注：交易级别有效期至2020年9月16日.', '姓名：韩树峰（已通过身份核查，号码一致）', '地址：河北省沧州市运河区宏宇城小区C区\xa0\xa0\xa0\xa0邮编：061000', '电话：0317-3062772\xa0\xa0\xa0\xa0手机：13059866115（微信同号）\xa0\xa0QQ: 1477818520', 'E-mail和支付宝账号:hanshufeng@126.com', '建行：4367 4201 5001 8111 199\xa0\xa0 韩树峰']
2020-01-07 14:37:42 [kc_slave] DEBUG: remark URL http://www.kc0011.net/dispbbs.asp?boardID=19&ID=24329727&page=15 交易级别有效期至2020年9月16日.
2020-01-07 14:37:42 [kc_slave] DEBUG: name URL http://www.kc0011.net/dispbbs.asp?boardID=19&ID=24329727&page=15 韩树峰
2020-01-07 14:37:42 [kc_slave] DEBUG: address URL http://www.kc0011.net/dispbbs.asp?boardID=19&ID=24329727&page=15 河北省沧州市运河区宏宇城小区C区    邮编
2020-01-07 14:37:42 [kc_slave] DEBUG: fixed_phone URL http://www.kc0011.net/dispbbs.asp?boardID=19&ID=24329727&page=15 0317-3062772
2020-01-07 14:37:42 [kc_slave] DEBUG: phone_1 URL http://www.kc0011.net/dispbbs.asp?boardID=19&ID=24329727&page=15 13059866115
2020-01-07 14:37:42 [kc_slave] DEBUG: phone_2 URL http://www.kc0011.net/dispbbs.asp?boardID=19&ID=24329727&page=15 None
2020-01-07 14:37:42 [kc_slave] DEBUG: 文章parse 文章URl http://www.kc0011.net/dispbbs.asp?boardID=19&ID=24329727&page=15 用户信息 {'address': '河北省沧州市运河区宏宇城小区C区\xa0\xa0\xa0\xa0邮编',
 'credit_score': '1167',
 'fixed_phone': '0317-3062772',
 'name': '韩树峰',
 'phone_1': '13059866115',
 'phone_2': '',
 'post_count': '4176',
 'post_score': '15070',
 'register_time': '2005年2月16日',
 'remark': '交易级别有效期至2020年9月16日.',
 'score_count': '139',
 'trade_level': '营销员第3年',
 'userid': 'hsf722'}
2020-01-07 14:39:27 [scrapy.utils.log] INFO: Scrapy 1.6.0 started (bot: craw)
2020-01-07 14:39:27 [scrapy.utils.log] INFO: Versions: lxml 4.3.3.0, libxml2 2.9.4, cssselect 1.0.3, parsel 1.5.1, w3lib 1.20.0, Twisted 19.2.0, Python 3.5.1 (v3.5.1:37a07cee5969, Dec  5 2015, 21:12:44) - [GCC 4.2.1 (Apple Inc. build 5666) (dot 3)], pyOpenSSL 16.2.0 (OpenSSL 1.0.2k  26 Jan 2017), cryptography 1.7.2, Platform Darwin-18.2.0-x86_64-i386-64bit
2020-01-07 14:39:27 [scrapy.crawler] INFO: Overridden settings: {'SCHEDULER': 'scrapy_redis.scheduler.Scheduler', 'COOKIES_ENABLED': False, 'NEWSPIDER_MODULE': 'craw.spiders', 'SPIDER_MODULES': ['craw.spiders'], 'DOWNLOAD_TIMEOUT': 60, 'LOG_FILE': 'craw.log', 'BOT_NAME': 'craw', 'DUPEFILTER_CLASS': 'scrapy_redis.dupefilter.RFPDupeFilter', 'RETRY_TIMES': 10, 'HTTPCACHE_ENABLED': True, 'CONCURRENT_REQUESTS': 32, 'DOWNLOAD_DELAY': 0.5}
2020-01-07 14:39:27 [scrapy.extensions.telnet] INFO: Telnet Password: 7359327988c7d588
2020-01-07 14:39:27 [scrapy.middleware] INFO: Enabled extensions:
['scrapy.extensions.telnet.TelnetConsole',
 'scrapy.extensions.memusage.MemoryUsage',
 'scrapy.extensions.corestats.CoreStats',
 'scrapy.extensions.logstats.LogStats']
2020-01-07 14:39:27 [kc_slave] INFO: Reading start URLs from redis key 'kc0011_slave:start_urls' (batch size: 32, encoding: utf-8
2020-01-07 14:39:28 [scrapy.middleware] INFO: Enabled downloader middlewares:
['scrapy.downloadermiddlewares.httpauth.HttpAuthMiddleware',
 'scrapy.downloadermiddlewares.downloadtimeout.DownloadTimeoutMiddleware',
 'scrapy.downloadermiddlewares.defaultheaders.DefaultHeadersMiddleware',
 'scrapy.downloadermiddlewares.useragent.UserAgentMiddleware',
 'craw.middlewares.RandomUserAgent',
 'scrapy.downloadermiddlewares.retry.RetryMiddleware',
 'scrapy.downloadermiddlewares.redirect.MetaRefreshMiddleware',
 'scrapy.downloadermiddlewares.httpcompression.HttpCompressionMiddleware',
 'scrapy.downloadermiddlewares.redirect.RedirectMiddleware',
 'scrapy.downloadermiddlewares.httpproxy.HttpProxyMiddleware',
 'scrapy.downloadermiddlewares.stats.DownloaderStats',
 'scrapy.downloadermiddlewares.httpcache.HttpCacheMiddleware']
2020-01-07 14:39:28 [scrapy.middleware] INFO: Enabled spider middlewares:
['scrapy.spidermiddlewares.httperror.HttpErrorMiddleware',
 'scrapy.spidermiddlewares.offsite.OffsiteMiddleware',
 'scrapy.spidermiddlewares.referer.RefererMiddleware',
 'scrapy.spidermiddlewares.urllength.UrlLengthMiddleware',
 'scrapy.spidermiddlewares.depth.DepthMiddleware']
2020-01-07 14:39:28 [scrapy.middleware] INFO: Enabled item pipelines:
['scrapy_redis.pipelines.RedisPipeline', 'craw.pipelines.MysqlPipeline']
2020-01-07 14:39:28 [scrapy.core.engine] INFO: Spider opened
2020-01-07 14:39:29 [scrapy.extensions.logstats] INFO: Crawled 0 pages (at 0 pages/min), scraped 0 items (at 0 items/min)
2020-01-07 14:39:29 [scrapy.extensions.httpcache] DEBUG: Using filesystem cache storage in /Users/tmackan/PycharmProjects/craw_bbs/.scrapy/httpcache
2020-01-07 14:39:29 [scrapy.extensions.telnet] INFO: Telnet console listening on 127.0.0.1:6024
2020-01-07 14:39:29 [scrapy.core.engine] DEBUG: Crawled (404) <GET http://www.kc0011.net/dispbbs.asp?boardID=14&ID=23373956&page=72> (referer: http://www.kc0011.net)
2020-01-07 14:39:30 [scrapy.spidermiddlewares.httperror] INFO: Ignoring response <404 http://www.kc0011.net/dispbbs.asp?boardID=14&ID=23373956&page=72>: HTTP status code is not handled or not allowed
2020-01-07 14:39:30 [scrapy.core.engine] DEBUG: Crawled (404) <GET http://www.kc0011.net/dispbbs.asp?boardID=14&ID=23370108&page=72> (referer: http://www.kc0011.net)
2020-01-07 14:39:30 [scrapy.spidermiddlewares.httperror] INFO: Ignoring response <404 http://www.kc0011.net/dispbbs.asp?boardID=14&ID=23370108&page=72>: HTTP status code is not handled or not allowed
2020-01-07 14:39:30 [scrapy.core.engine] DEBUG: Crawled (404) <GET http://www.kc0011.net/dispbbs.asp?boardID=14&ID=23306971&page=72> (referer: http://www.kc0011.net)
2020-01-07 14:39:31 [scrapy.spidermiddlewares.httperror] INFO: Ignoring response <404 http://www.kc0011.net/dispbbs.asp?boardID=14&ID=23306971&page=72>: HTTP status code is not handled or not allowed
2020-01-07 14:39:31 [scrapy.core.engine] DEBUG: Crawled (404) <GET http://www.kc0011.net/dispbbs.asp?boardID=14&ID=23303376&page=71> (referer: http://www.kc0011.net)
2020-01-07 14:39:31 [scrapy.spidermiddlewares.httperror] INFO: Ignoring response <404 http://www.kc0011.net/dispbbs.asp?boardID=14&ID=23303376&page=71>: HTTP status code is not handled or not allowed
2020-01-07 14:39:32 [scrapy.core.engine] DEBUG: Crawled (404) <GET http://www.kc0011.net/dispbbs.asp?boardID=14&ID=23337189&page=71> (referer: http://www.kc0011.net)
2020-01-07 14:39:32 [scrapy.spidermiddlewares.httperror] INFO: Ignoring response <404 http://www.kc0011.net/dispbbs.asp?boardID=14&ID=23337189&page=71>: HTTP status code is not handled or not allowed
2020-01-07 14:39:33 [scrapy.core.engine] DEBUG: Crawled (404) <GET http://www.kc0011.net/dispbbs.asp?boardID=14&ID=23266782&page=71> (referer: http://www.kc0011.net)
2020-01-07 14:39:33 [scrapy.crawler] INFO: Received SIGINT, shutting down gracefully. Send again to force 
2020-01-07 14:39:33 [scrapy.core.engine] INFO: Closing spider (shutdown)
2020-01-07 14:39:33 [scrapy.spidermiddlewares.httperror] INFO: Ignoring response <404 http://www.kc0011.net/dispbbs.asp?boardID=14&ID=23266782&page=71>: HTTP status code is not handled or not allowed
2020-01-07 14:39:33 [scrapy.core.engine] DEBUG: Crawled (404) <GET http://www.kc0011.net/dispbbs.asp?boardID=14&ID=23410958&page=71> (referer: http://www.kc0011.net)
2020-01-07 14:39:33 [scrapy.spidermiddlewares.httperror] INFO: Ignoring response <404 http://www.kc0011.net/dispbbs.asp?boardID=14&ID=23410958&page=71>: HTTP status code is not handled or not allowed
2020-01-07 14:39:34 [scrapy.core.engine] DEBUG: Crawled (404) <GET http://www.kc0011.net/dispbbs.asp?boardID=14&ID=23404551&page=71> (referer: http://www.kc0011.net)
2020-01-07 14:39:34 [scrapy.spidermiddlewares.httperror] INFO: Ignoring response <404 http://www.kc0011.net/dispbbs.asp?boardID=14&ID=23404551&page=71>: HTTP status code is not handled or not allowed
2020-01-07 14:39:34 [scrapy.core.engine] DEBUG: Crawled (404) <GET http://www.kc0011.net/dispbbs.asp?boardID=14&ID=23432479&page=70> (referer: http://www.kc0011.net)
2020-01-07 14:39:34 [scrapy.spidermiddlewares.httperror] INFO: Ignoring response <404 http://www.kc0011.net/dispbbs.asp?boardID=14&ID=23432479&page=70>: HTTP status code is not handled or not allowed
2020-01-07 14:39:35 [scrapy.core.engine] DEBUG: Crawled (404) <GET http://www.kc0011.net/dispbbs.asp?boardID=14&ID=23411706&page=70> (referer: http://www.kc0011.net)
2020-01-07 14:39:35 [scrapy.spidermiddlewares.httperror] INFO: Ignoring response <404 http://www.kc0011.net/dispbbs.asp?boardID=14&ID=23411706&page=70>: HTTP status code is not handled or not allowed
2020-01-07 14:39:35 [scrapy.core.engine] DEBUG: Crawled (404) <GET http://www.kc0011.net/dispbbs.asp?boardID=14&ID=23440516&page=70> (referer: http://www.kc0011.net)
2020-01-07 14:39:35 [scrapy.core.scraper] DEBUG: Scraped from <200 http://www.kc0011.net/dispbbs.asp?boardID=19&ID=24329727&page=15>
{'address': '河北省沧州市运河区宏宇城小区C区\xa0\xa0\xa0\xa0邮编',
 'credit_score': '1167',
 'fixed_phone': '0317-3062772',
 'name': '韩树峰',
 'phone_1': '13059866115',
 'phone_2': '',
 'post_count': '4176',
 'post_score': '15070',
 'register_time': '2005年2月16日',
 'remark': '交易级别有效期至2020年9月16日.',
 'score_count': '139',
 'trade_level': '营销员第3年',
 'userid': 'hsf722'}
2020-01-07 14:39:35 [scrapy.spidermiddlewares.httperror] INFO: Ignoring response <404 http://www.kc0011.net/dispbbs.asp?boardID=14&ID=23440516&page=70>: HTTP status code is not handled or not allowed
2020-01-07 14:39:36 [scrapy.core.engine] DEBUG: Crawled (404) <GET http://www.kc0011.net/dispbbs.asp?boardID=14&ID=23301268&page=70> (referer: http://www.kc0011.net)
2020-01-07 14:39:36 [scrapy.spidermiddlewares.httperror] INFO: Ignoring response <404 http://www.kc0011.net/dispbbs.asp?boardID=14&ID=23301268&page=70>: HTTP status code is not handled or not allowed
2020-01-07 14:39:36 [scrapy.core.scraper] DEBUG: Scraped from <200 http://www.kc0011.net/dispbbs.asp?boardID=19&ID=24329727&page=15>
{'category_name': '交易视点', 'userid': 'hsf722'}
2020-01-07 14:39:36 [kc_slave] DEBUG: trade_level URL http://www.kc0011.net/dispbbs.asp?boardID=19&ID=24329727&page=15 营销员第3年
2020-01-07 14:39:36 [kc_slave] DEBUG: credit_score URL http://www.kc0011.net/dispbbs.asp?boardID=19&ID=24329727&page=15 1167
2020-01-07 14:39:36 [kc_slave] DEBUG: score_count URL http://www.kc0011.net/dispbbs.asp?boardID=19&ID=24329727&page=15 139
2020-01-07 14:39:36 [kc_slave] DEBUG: post_count URL http://www.kc0011.net/dispbbs.asp?boardID=19&ID=24329727&page=15 4176
2020-01-07 14:39:36 [kc_slave] DEBUG: post_score URL http://www.kc0011.net/dispbbs.asp?boardID=19&ID=24329727&page=15 15070
2020-01-07 14:39:36 [kc_slave] DEBUG: register_time URL http://www.kc0011.net/dispbbs.asp?boardID=19&ID=24329727&page=15 2005年2月16日
2020-01-07 14:39:36 [kc_slave] DEBUG: 信息 ['认证员注：交易级别有效期至2020年9月16日.', '姓名：韩树峰（已通过身份核查，号码一致）', '地址：河北省沧州市运河区宏宇城小区C区\xa0\xa0\xa0\xa0邮编：061000', '电话：0317-3062772\xa0\xa0\xa0\xa0手机：13059866115（微信同号）\xa0\xa0QQ: 1477818520', 'E-mail和支付宝账号:hanshufeng@126.com', '建行：4367 4201 5001 8111 199\xa0\xa0 韩树峰']
2020-01-07 14:39:36 [kc_slave] DEBUG: remark URL http://www.kc0011.net/dispbbs.asp?boardID=19&ID=24329727&page=15 交易级别有效期至2020年9月16日.
2020-01-07 14:39:36 [kc_slave] DEBUG: name URL http://www.kc0011.net/dispbbs.asp?boardID=19&ID=24329727&page=15 韩树峰
2020-01-07 14:39:36 [kc_slave] DEBUG: address URL http://www.kc0011.net/dispbbs.asp?boardID=19&ID=24329727&page=15 河北省沧州市运河区宏宇城小区C区    邮编
2020-01-07 14:39:36 [kc_slave] DEBUG: fixed_phone URL http://www.kc0011.net/dispbbs.asp?boardID=19&ID=24329727&page=15 0317-3062772
2020-01-07 14:39:36 [kc_slave] DEBUG: phone_1 URL http://www.kc0011.net/dispbbs.asp?boardID=19&ID=24329727&page=15 13059866115
2020-01-07 14:39:36 [kc_slave] DEBUG: phone_2 URL http://www.kc0011.net/dispbbs.asp?boardID=19&ID=24329727&page=15 None
2020-01-07 14:39:36 [kc_slave] DEBUG: 文章parse 文章URl http://www.kc0011.net/dispbbs.asp?boardID=19&ID=24329727&page=15 用户信息 {'address': '河北省沧州市运河区宏宇城小区C区\xa0\xa0\xa0\xa0邮编',
 'credit_score': '1167',
 'fixed_phone': '0317-3062772',
 'name': '韩树峰',
 'phone_1': '13059866115',
 'phone_2': '',
 'post_count': '4176',
 'post_score': '15070',
 'register_time': '2005年2月16日',
 'remark': '交易级别有效期至2020年9月16日.',
 'score_count': '139',
 'trade_level': '营销员第3年',
 'userid': 'hsf722'}
2020-01-07 14:39:36 [kc_slave] DEBUG: 文章parse---
2020-01-07 14:39:36 [kc_slave] DEBUG: 文章parse 栏目: 交易视点
2020-01-07 14:39:36 [kc_slave] DEBUG: trade_level URL http://www.kc0011.net/dispbbs.asp?boardID=19&ID=24367418&page=14 营销员第4年
2020-01-07 14:39:36 [kc_slave] DEBUG: credit_score URL http://www.kc0011.net/dispbbs.asp?boardID=19&ID=24367418&page=14 3270
2020-01-07 14:39:36 [kc_slave] DEBUG: score_count URL http://www.kc0011.net/dispbbs.asp?boardID=19&ID=24367418&page=14 78
2020-01-07 14:39:36 [kc_slave] DEBUG: post_count URL http://www.kc0011.net/dispbbs.asp?boardID=19&ID=24367418&page=14 1211
2020-01-07 14:39:36 [kc_slave] DEBUG: post_score URL http://www.kc0011.net/dispbbs.asp?boardID=19&ID=24367418&page=14 11301
2020-01-07 14:39:36 [kc_slave] DEBUG: register_time URL http://www.kc0011.net/dispbbs.asp?boardID=19&ID=24367418&page=14 2016年12月3日
2020-01-07 14:39:36 [kc_slave] DEBUG: 信息 ['认证员注：交易级别有效期至2020年12月11日。', '姓名：俞敏君（浙江省身份证，已通过身份核查，号码一致，照片一致）', '地址：上海市黄浦区局门路600号新大楼一楼B-024包房', '手机：18702101511', '浦发：6217920164216587（肇嘉浜路支行）', '招行：6225880217297416（长阳路支行）']
2020-01-07 14:39:36 [kc_slave] DEBUG: remark URL http://www.kc0011.net/dispbbs.asp?boardID=19&ID=24367418&page=14 交易级别有效期至2020年12月11日。
2020-01-07 14:39:36 [kc_slave] DEBUG: name URL http://www.kc0011.net/dispbbs.asp?boardID=19&ID=24367418&page=14 俞敏君
2020-01-07 14:39:36 [kc_slave] DEBUG: address URL http://www.kc0011.net/dispbbs.asp?boardID=19&ID=24367418&page=14 上海市黄浦区局门路600号新大楼一楼B-024包房
2020-01-07 14:39:36 [kc_slave] DEBUG: fixed_phone URL http://www.kc0011.net/dispbbs.asp?boardID=19&ID=24367418&page=14 None
2020-01-07 14:39:36 [kc_slave] DEBUG: phone_1 URL http://www.kc0011.net/dispbbs.asp?boardID=19&ID=24367418&page=14 18702101511
2020-01-07 14:39:36 [kc_slave] DEBUG: phone_2 URL http://www.kc0011.net/dispbbs.asp?boardID=19&ID=24367418&page=14 None
2020-01-07 14:39:36 [kc_slave] DEBUG: 文章parse 文章URl http://www.kc0011.net/dispbbs.asp?boardID=19&ID=24367418&page=14 用户信息 {'address': '上海市黄浦区局门路600号新大楼一楼B-024包房',
 'credit_score': '3270',
 'fixed_phone': '',
 'name': '俞敏君',
 'phone_1': '18702101511',
 'phone_2': '',
 'post_count': '1211',
 'post_score': '11301',
 'register_time': '2016年12月3日',
 'remark': '交易级别有效期至2020年12月11日。',
 'score_count': '78',
 'trade_level': '营销员第4年',
 'userid': '君哲'}
2020-01-07 14:39:36 [kc_slave] DEBUG: 文章parse---
2020-01-07 14:39:36 [kc_slave] DEBUG: 文章parse 栏目: 交易视点
2020-01-07 14:39:37 [kc_slave] DEBUG: trade_level URL http://www.kc0011.net/dispbbs.asp?boardID=19&ID=24410470&page=14 营销员第5年
2020-01-07 14:39:37 [kc_slave] DEBUG: credit_score URL http://www.kc0011.net/dispbbs.asp?boardID=19&ID=24410470&page=14 1511
2020-01-07 14:39:37 [kc_slave] DEBUG: score_count URL http://www.kc0011.net/dispbbs.asp?boardID=19&ID=24410470&page=14 48
2020-01-07 14:39:37 [kc_slave] DEBUG: post_count URL http://www.kc0011.net/dispbbs.asp?boardID=19&ID=24410470&page=14 872
2020-01-07 14:39:37 [kc_slave] DEBUG: post_score URL http://www.kc0011.net/dispbbs.asp?boardID=19&ID=24410470&page=14 9369
2020-01-07 14:39:37 [kc_slave] DEBUG: register_time URL http://www.kc0011.net/dispbbs.asp?boardID=19&ID=24410470&page=14 2013年11月3日
2020-01-07 14:39:37 [kc_slave] DEBUG: 信息 ['营销员第6年', '认证员注：交易级别有效期至2020年9月16日。', '姓名: 王磊（黑龙江省身份证，已通过身份核查，号码一致，照片一致）', '地址: 河南省洛阳市洛龙区安乐镇郑村1组44号 邮政编码: 471000 ', '手机: 17337944448', '建设银行：6217 0039 8000 0919 286\xa0\xa0 丽江玉龙支行', '支付宝账号：17337944448', '\r\n备用说明: 除了本人签名栏备注的收款账户以外，其余汇款无效。因本人工作无固定地点，收货地址如发生变更，会在帖子上注明。为避免不必要的麻烦，本人收货发货全程视*频录像。QQ：153481646（注明一尘泉友）']
2020-01-07 14:39:37 [kc_slave] DEBUG: remark URL http://www.kc0011.net/dispbbs.asp?boardID=19&ID=24410470&page=14 交易级别有效期至2020年9月16日。
2020-01-07 14:39:37 [kc_slave] DEBUG: name URL http://www.kc0011.net/dispbbs.asp?boardID=19&ID=24410470&page=14  王磊
2020-01-07 14:39:37 [kc_slave] DEBUG: address URL http://www.kc0011.net/dispbbs.asp?boardID=19&ID=24410470&page=14  河南省洛阳市洛龙区安乐镇郑村1组44号 邮政编码
2020-01-07 14:39:37 [kc_slave] DEBUG: fixed_phone URL http://www.kc0011.net/dispbbs.asp?boardID=19&ID=24410470&page=14 None
2020-01-07 14:39:37 [kc_slave] DEBUG: phone_1 URL http://www.kc0011.net/dispbbs.asp?boardID=19&ID=24410470&page=14 17337944448
2020-01-07 14:39:37 [kc_slave] DEBUG: phone_2 URL http://www.kc0011.net/dispbbs.asp?boardID=19&ID=24410470&page=14 None
2020-01-07 14:39:37 [kc_slave] DEBUG: 文章parse 文章URl http://www.kc0011.net/dispbbs.asp?boardID=19&ID=24410470&page=14 用户信息 {'address': ' 河南省洛阳市洛龙区安乐镇郑村1组44号 邮政编码',
 'credit_score': '1511',
 'fixed_phone': '',
 'name': ' 王磊',
 'phone_1': '17337944448',
 'phone_2': '',
 'post_count': '872',
 'post_score': '9369',
 'register_time': '2013年11月3日',
 'remark': '交易级别有效期至2020年9月16日。',
 'score_count': '48',
 'trade_level': '营销员第5年',
 'userid': '磊家小豆'}
2020-01-07 14:39:37 [scrapy.extensions.logstats] INFO: Crawled 3 pages (at 3 pages/min), scraped 5 items (at 5 items/min)
2020-01-07 14:39:37 [scrapy.downloadermiddlewares.retry] DEBUG: Retrying <GET http://www.kc0011.net/dispbbs.asp?boardID=19&ID=24592606&page=11> (failed 1 times): User timeout caused connection failure.
2020-01-07 14:39:37 [scrapy.core.engine] DEBUG: Crawled (404) <GET http://www.kc0011.net/dispbbs.asp?boardID=14&ID=23447664&page=69> (referer: http://www.kc0011.net)
2020-01-07 14:39:37 [scrapy.downloadermiddlewares.retry] DEBUG: Retrying <GET http://www.kc0011.net/dispbbs.asp?boardID=14&ID=21515023&page=141> (failed 1 times): User timeout caused connection failure: Getting http://www.kc0011.net/dispbbs.asp?boardID=14&ID=21515023&page=141 took longer than 60.0 seconds..
2020-01-07 14:39:37 [scrapy.spidermiddlewares.httperror] INFO: Ignoring response <404 http://www.kc0011.net/dispbbs.asp?boardID=14&ID=23447664&page=69>: HTTP status code is not handled or not allowed
2020-01-07 14:39:37 [scrapy.core.engine] DEBUG: Crawled (404) <GET http://www.kc0011.net/dispbbs.asp?boardID=14&ID=23433612&page=69> (referer: http://www.kc0011.net)
2020-01-07 14:39:37 [scrapy.spidermiddlewares.httperror] INFO: Ignoring response <404 http://www.kc0011.net/dispbbs.asp?boardID=14&ID=23433612&page=69>: HTTP status code is not handled or not allowed
2020-01-07 14:39:38 [scrapy.core.engine] DEBUG: Crawled (404) <GET http://www.kc0011.net/dispbbs.asp?boardID=14&ID=23225955&page=69> (referer: http://www.kc0011.net)
2020-01-07 14:39:38 [scrapy.spidermiddlewares.httperror] INFO: Ignoring response <404 http://www.kc0011.net/dispbbs.asp?boardID=14&ID=23225955&page=69>: HTTP status code is not handled or not allowed
2020-01-07 14:39:38 [scrapy.core.engine] DEBUG: Crawled (404) <GET http://www.kc0011.net/dispbbs.asp?boardID=14&ID=23475081&page=69> (referer: http://www.kc0011.net)
2020-01-07 14:39:38 [scrapy.spidermiddlewares.httperror] INFO: Ignoring response <404 http://www.kc0011.net/dispbbs.asp?boardID=14&ID=23475081&page=69>: HTTP status code is not handled or not allowed
2020-01-07 14:39:39 [scrapy.crawler] INFO: Received SIGINT, shutting down gracefully. Send again to force 
2020-01-07 14:39:39 [scrapy.core.engine] DEBUG: Crawled (404) <GET http://www.kc0011.net/dispbbs.asp?boardID=14&ID=23426886&page=67> (referer: http://www.kc0011.net)
2020-01-07 14:39:39 [scrapy.spidermiddlewares.httperror] INFO: Ignoring response <404 http://www.kc0011.net/dispbbs.asp?boardID=14&ID=23426886&page=67>: HTTP status code is not handled or not allowed
2020-01-07 14:39:39 [scrapy.core.engine] DEBUG: Crawled (404) <GET http://www.kc0011.net/dispbbs.asp?boardID=14&ID=23500823&page=67> (referer: http://www.kc0011.net)
2020-01-07 14:39:39 [scrapy.spidermiddlewares.httperror] INFO: Ignoring response <404 http://www.kc0011.net/dispbbs.asp?boardID=14&ID=23500823&page=67>: HTTP status code is not handled or not allowed
2020-01-07 14:39:40 [scrapy.core.engine] DEBUG: Crawled (404) <GET http://www.kc0011.net/dispbbs.asp?boardID=14&ID=23460718&page=67> (referer: http://www.kc0011.net)
2020-01-07 14:39:40 [scrapy.spidermiddlewares.httperror] INFO: Ignoring response <404 http://www.kc0011.net/dispbbs.asp?boardID=14&ID=23460718&page=67>: HTTP status code is not handled or not allowed
2020-01-07 14:39:41 [scrapy.core.engine] DEBUG: Crawled (404) <GET http://www.kc0011.net/dispbbs.asp?boardID=14&ID=23490449&page=67> (referer: http://www.kc0011.net)
2020-01-07 14:39:41 [scrapy.spidermiddlewares.httperror] INFO: Ignoring response <404 http://www.kc0011.net/dispbbs.asp?boardID=14&ID=23490449&page=67>: HTTP status code is not handled or not allowed
2020-01-07 14:39:41 [scrapy.core.engine] DEBUG: Crawled (404) <GET http://www.kc0011.net/dispbbs.asp?boardID=14&ID=23522773&page=67> (referer: http://www.kc0011.net)
2020-01-07 14:39:41 [scrapy.spidermiddlewares.httperror] INFO: Ignoring response <404 http://www.kc0011.net/dispbbs.asp?boardID=14&ID=23522773&page=67>: HTTP status code is not handled or not allowed
2020-01-07 14:39:42 [scrapy.core.engine] DEBUG: Crawled (404) <GET http://www.kc0011.net/dispbbs.asp?boardID=14&ID=23484940&page=66> (referer: http://www.kc0011.net)
2020-01-07 14:39:42 [scrapy.spidermiddlewares.httperror] INFO: Ignoring response <404 http://www.kc0011.net/dispbbs.asp?boardID=14&ID=23484940&page=66>: HTTP status code is not handled or not allowed
2020-01-07 14:39:42 [scrapy.core.engine] DEBUG: Crawled (404) <GET http://www.kc0011.net/dispbbs.asp?boardID=14&ID=23537642&page=66> (referer: http://www.kc0011.net)
2020-01-07 14:39:43 [scrapy.spidermiddlewares.httperror] INFO: Ignoring response <404 http://www.kc0011.net/dispbbs.asp?boardID=14&ID=23537642&page=66>: HTTP status code is not handled or not allowed
2020-01-07 14:39:43 [scrapy.core.engine] DEBUG: Crawled (404) <GET http://www.kc0011.net/dispbbs.asp?boardID=14&ID=23539339&page=66> (referer: http://www.kc0011.net)
2020-01-07 14:39:43 [scrapy.spidermiddlewares.httperror] INFO: Ignoring response <404 http://www.kc0011.net/dispbbs.asp?boardID=14&ID=23539339&page=66>: HTTP status code is not handled or not allowed
2020-01-07 14:39:44 [scrapy.core.engine] DEBUG: Crawled (404) <GET http://www.kc0011.net/dispbbs.asp?boardID=14&ID=23551684&page=65> (referer: http://www.kc0011.net)
2020-01-07 14:39:44 [scrapy.spidermiddlewares.httperror] INFO: Ignoring response <404 http://www.kc0011.net/dispbbs.asp?boardID=14&ID=23551684&page=65>: HTTP status code is not handled or not allowed
2020-01-07 14:39:44 [scrapy.core.engine] DEBUG: Crawled (404) <GET http://www.kc0011.net/dispbbs.asp?boardID=14&ID=23528413&page=65> (referer: http://www.kc0011.net)
2020-01-07 14:39:44 [scrapy.spidermiddlewares.httperror] INFO: Ignoring response <404 http://www.kc0011.net/dispbbs.asp?boardID=14&ID=23528413&page=65>: HTTP status code is not handled or not allowed
2020-01-07 14:39:44 [scrapy.statscollectors] INFO: Dumping Scrapy stats:
{'downloader/request_bytes': 13347,
 'downloader/request_count': 26,
 'downloader/request_method_count/GET': 26,
 'downloader/response_bytes': 33826,
 'downloader/response_count': 26,
 'downloader/response_status_count/404': 26,
 'finish_reason': 'shutdown',
 'finish_time': datetime.datetime(2020, 1, 7, 6, 39, 44, 856785),
 'httpcache/firsthand': 26,
 'httpcache/miss': 26,
 'httpcache/store': 26,
 'httperror/response_ignored_count': 26,
 'httperror/response_ignored_status_count/404': 26,
 'log_count/DEBUG': 27,
 'log_count/INFO': 37,
 'memusage/max': 97501184,
 'memusage/startup': 97501184,
 'response_received_count': 26,
 'scheduler/dequeued/redis': 26,
 'scheduler/enqueued/redis': 31,
 'start_time': datetime.datetime(2020, 1, 7, 6, 39, 29, 7540)}
2020-01-07 14:39:44 [scrapy.core.engine] INFO: Spider closed (shutdown)
2020-01-07 14:39:48 [scrapy.utils.log] INFO: Scrapy 1.6.0 started (bot: craw)
2020-01-07 14:39:48 [scrapy.utils.log] INFO: Versions: lxml 4.3.3.0, libxml2 2.9.4, cssselect 1.0.3, parsel 1.5.1, w3lib 1.20.0, Twisted 19.2.0, Python 3.5.1 (v3.5.1:37a07cee5969, Dec  5 2015, 21:12:44) - [GCC 4.2.1 (Apple Inc. build 5666) (dot 3)], pyOpenSSL 16.2.0 (OpenSSL 1.0.2k  26 Jan 2017), cryptography 1.7.2, Platform Darwin-18.2.0-x86_64-i386-64bit
2020-01-07 14:39:48 [scrapy.crawler] INFO: Overridden settings: {'HTTPCACHE_ENABLED': True, 'BOT_NAME': 'craw', 'COOKIES_ENABLED': False, 'NEWSPIDER_MODULE': 'craw.spiders', 'RETRY_TIMES': 10, 'CONCURRENT_REQUESTS': 32, 'LOG_FILE': 'craw.log', 'DOWNLOAD_TIMEOUT': 60, 'SCHEDULER': 'scrapy_redis.scheduler.Scheduler', 'SPIDER_MODULES': ['craw.spiders'], 'DOWNLOAD_DELAY': 0.5, 'DUPEFILTER_CLASS': 'scrapy_redis.dupefilter.RFPDupeFilter'}
2020-01-07 14:39:48 [scrapy.extensions.telnet] INFO: Telnet Password: 0b40f4e5bf0f8aeb
2020-01-07 14:39:48 [scrapy.middleware] INFO: Enabled extensions:
['scrapy.extensions.memusage.MemoryUsage',
 'scrapy.extensions.logstats.LogStats',
 'scrapy.extensions.corestats.CoreStats',
 'scrapy.extensions.telnet.TelnetConsole']
2020-01-07 14:39:48 [kc_slave] INFO: Reading start URLs from redis key 'kc0011_slave:start_urls' (batch size: 32, encoding: utf-8
2020-01-07 14:39:48 [scrapy.middleware] INFO: Enabled downloader middlewares:
['scrapy.downloadermiddlewares.httpauth.HttpAuthMiddleware',
 'scrapy.downloadermiddlewares.downloadtimeout.DownloadTimeoutMiddleware',
 'scrapy.downloadermiddlewares.defaultheaders.DefaultHeadersMiddleware',
 'scrapy.downloadermiddlewares.useragent.UserAgentMiddleware',
 'craw.middlewares.RandomUserAgent',
 'scrapy.downloadermiddlewares.retry.RetryMiddleware',
 'scrapy.downloadermiddlewares.redirect.MetaRefreshMiddleware',
 'scrapy.downloadermiddlewares.httpcompression.HttpCompressionMiddleware',
 'scrapy.downloadermiddlewares.redirect.RedirectMiddleware',
 'scrapy.downloadermiddlewares.httpproxy.HttpProxyMiddleware',
 'scrapy.downloadermiddlewares.stats.DownloaderStats',
 'scrapy.downloadermiddlewares.httpcache.HttpCacheMiddleware']
2020-01-07 14:39:48 [scrapy.middleware] INFO: Enabled spider middlewares:
['scrapy.spidermiddlewares.httperror.HttpErrorMiddleware',
 'scrapy.spidermiddlewares.offsite.OffsiteMiddleware',
 'scrapy.spidermiddlewares.referer.RefererMiddleware',
 'scrapy.spidermiddlewares.urllength.UrlLengthMiddleware',
 'scrapy.spidermiddlewares.depth.DepthMiddleware']
2020-01-07 14:39:48 [scrapy.middleware] INFO: Enabled item pipelines:
['scrapy_redis.pipelines.RedisPipeline', 'craw.pipelines.MysqlPipeline']
2020-01-07 14:39:48 [scrapy.core.engine] INFO: Spider opened
2020-01-07 14:39:49 [scrapy.extensions.logstats] INFO: Crawled 0 pages (at 0 pages/min), scraped 0 items (at 0 items/min)
2020-01-07 14:39:49 [scrapy.extensions.httpcache] DEBUG: Using filesystem cache storage in /Users/tmackan/PycharmProjects/craw_bbs/.scrapy/httpcache
2020-01-07 14:39:49 [scrapy.extensions.telnet] INFO: Telnet console listening on 127.0.0.1:6024
2020-01-07 14:39:50 [scrapy.core.engine] DEBUG: Crawled (404) <GET http://www.kc0011.net/dispbbs.asp?boardID=14&ID=23569692&page=64> (referer: http://www.kc0011.net)
2020-01-07 14:39:50 [scrapy.spidermiddlewares.httperror] INFO: Ignoring response <404 http://www.kc0011.net/dispbbs.asp?boardID=14&ID=23569692&page=64>: HTTP status code is not handled or not allowed
2020-01-07 14:39:50 [scrapy.core.engine] DEBUG: Crawled (404) <GET http://www.kc0011.net/dispbbs.asp?boardID=14&ID=23503127&page=64> (referer: http://www.kc0011.net)
2020-01-07 14:39:50 [scrapy.spidermiddlewares.httperror] INFO: Ignoring response <404 http://www.kc0011.net/dispbbs.asp?boardID=14&ID=23503127&page=64>: HTTP status code is not handled or not allowed
2020-01-07 14:39:51 [scrapy.core.engine] DEBUG: Crawled (404) <GET http://www.kc0011.net/dispbbs.asp?boardID=14&ID=23596885&page=64> (referer: http://www.kc0011.net)
2020-01-07 14:39:51 [scrapy.spidermiddlewares.httperror] INFO: Ignoring response <404 http://www.kc0011.net/dispbbs.asp?boardID=14&ID=23596885&page=64>: HTTP status code is not handled or not allowed
2020-01-07 14:39:51 [scrapy.core.engine] DEBUG: Crawled (404) <GET http://www.kc0011.net/dispbbs.asp?boardID=14&ID=23612535&page=61> (referer: http://www.kc0011.net)
2020-01-07 14:39:52 [scrapy.spidermiddlewares.httperror] INFO: Ignoring response <404 http://www.kc0011.net/dispbbs.asp?boardID=14&ID=23612535&page=61>: HTTP status code is not handled or not allowed
2020-01-07 14:39:52 [scrapy.core.engine] DEBUG: Crawled (404) <GET http://www.kc0011.net/dispbbs.asp?boardID=14&ID=23460869&page=60> (referer: http://www.kc0011.net)
2020-01-07 14:39:52 [scrapy.spidermiddlewares.httperror] INFO: Ignoring response <404 http://www.kc0011.net/dispbbs.asp?boardID=14&ID=23460869&page=60>: HTTP status code is not handled or not allowed
2020-01-07 14:39:53 [scrapy.core.engine] DEBUG: Crawled (404) <GET http://www.kc0011.net/dispbbs.asp?boardID=14&ID=23644647&page=60> (referer: http://www.kc0011.net)
2020-01-07 14:39:53 [scrapy.spidermiddlewares.httperror] INFO: Ignoring response <404 http://www.kc0011.net/dispbbs.asp?boardID=14&ID=23644647&page=60>: HTTP status code is not handled or not allowed
2020-01-07 14:39:54 [scrapy.core.engine] DEBUG: Crawled (404) <GET http://www.kc0011.net/dispbbs.asp?boardID=14&ID=23684073&page=60> (referer: http://www.kc0011.net)
2020-01-07 14:39:54 [scrapy.spidermiddlewares.httperror] INFO: Ignoring response <404 http://www.kc0011.net/dispbbs.asp?boardID=14&ID=23684073&page=60>: HTTP status code is not handled or not allowed
2020-01-07 14:39:54 [kc_slave] DEBUG: Read 32 requests from 'kc0011_slave:start_urls'
2020-01-07 14:39:54 [scrapy.core.engine] DEBUG: Crawled (404) <GET http://www.kc0011.net/dispbbs.asp?boardID=14&ID=23595129&page=59> (referer: http://www.kc0011.net)
2020-01-07 14:39:54 [scrapy.spidermiddlewares.httperror] INFO: Ignoring response <404 http://www.kc0011.net/dispbbs.asp?boardID=14&ID=23595129&page=59>: HTTP status code is not handled or not allowed
2020-01-07 14:39:54 [scrapy.core.engine] DEBUG: Crawled (404) <GET http://www.kc0011.net/dispbbs.asp?boardID=14&ID=23702297&page=59> (referer: http://www.kc0011.net)
2020-01-07 14:39:55 [scrapy.spidermiddlewares.httperror] INFO: Ignoring response <404 http://www.kc0011.net/dispbbs.asp?boardID=14&ID=23702297&page=59>: HTTP status code is not handled or not allowed
2020-01-07 14:39:55 [scrapy.core.engine] DEBUG: Crawled (404) <GET http://www.kc0011.net/dispbbs.asp?boardID=14&ID=23623870&page=59> (referer: http://www.kc0011.net)
2020-01-07 14:39:55 [scrapy.spidermiddlewares.httperror] INFO: Ignoring response <404 http://www.kc0011.net/dispbbs.asp?boardID=14&ID=23623870&page=59>: HTTP status code is not handled or not allowed
2020-01-07 14:39:56 [scrapy.core.engine] DEBUG: Crawled (404) <GET http://www.kc0011.net/dispbbs.asp?boardID=14&ID=23494225&page=58> (referer: http://www.kc0011.net)
2020-01-07 14:39:56 [scrapy.spidermiddlewares.httperror] INFO: Ignoring response <404 http://www.kc0011.net/dispbbs.asp?boardID=14&ID=23494225&page=58>: HTTP status code is not handled or not allowed
2020-01-07 14:39:56 [scrapy.core.engine] DEBUG: Crawled (404) <GET http://www.kc0011.net/dispbbs.asp?boardID=14&ID=23726185&page=58> (referer: http://www.kc0011.net)
2020-01-07 14:39:56 [scrapy.spidermiddlewares.httperror] INFO: Ignoring response <404 http://www.kc0011.net/dispbbs.asp?boardID=14&ID=23726185&page=58>: HTTP status code is not handled or not allowed
2020-01-07 14:39:57 [scrapy.core.engine] DEBUG: Crawled (404) <GET http://www.kc0011.net/dispbbs.asp?boardID=14&ID=23770944&page=56> (referer: http://www.kc0011.net)
2020-01-07 14:39:57 [scrapy.spidermiddlewares.httperror] INFO: Ignoring response <404 http://www.kc0011.net/dispbbs.asp?boardID=14&ID=23770944&page=56>: HTTP status code is not handled or not allowed
2020-01-07 14:39:58 [scrapy.core.engine] DEBUG: Crawled (404) <GET http://www.kc0011.net/dispbbs.asp?boardID=14&ID=23789238&page=56> (referer: http://www.kc0011.net)
2020-01-07 14:39:58 [scrapy.spidermiddlewares.httperror] INFO: Ignoring response <404 http://www.kc0011.net/dispbbs.asp?boardID=14&ID=23789238&page=56>: HTTP status code is not handled or not allowed
2020-01-07 14:39:58 [scrapy.core.engine] DEBUG: Crawled (404) <GET http://www.kc0011.net/dispbbs.asp?boardID=14&ID=22459506&page=56> (referer: http://www.kc0011.net)
2020-01-07 14:39:58 [scrapy.spidermiddlewares.httperror] INFO: Ignoring response <404 http://www.kc0011.net/dispbbs.asp?boardID=14&ID=22459506&page=56>: HTTP status code is not handled or not allowed
2020-01-07 14:39:59 [scrapy.core.engine] DEBUG: Crawled (404) <GET http://www.kc0011.net/dispbbs.asp?boardID=14&ID=23738000&page=56> (referer: http://www.kc0011.net)
2020-01-07 14:39:59 [scrapy.spidermiddlewares.httperror] INFO: Ignoring response <404 http://www.kc0011.net/dispbbs.asp?boardID=14&ID=23738000&page=56>: HTTP status code is not handled or not allowed
2020-01-07 14:39:59 [scrapy.core.engine] DEBUG: Crawled (404) <GET http://www.kc0011.net/dispbbs.asp?boardID=14&ID=23607577&page=56> (referer: http://www.kc0011.net)
2020-01-07 14:39:59 [scrapy.spidermiddlewares.httperror] INFO: Ignoring response <404 http://www.kc0011.net/dispbbs.asp?boardID=14&ID=23607577&page=56>: HTTP status code is not handled or not allowed
2020-01-07 14:40:00 [scrapy.core.engine] DEBUG: Crawled (404) <GET http://www.kc0011.net/dispbbs.asp?boardID=14&ID=23788024&page=56> (referer: http://www.kc0011.net)
2020-01-07 14:40:00 [scrapy.spidermiddlewares.httperror] INFO: Ignoring response <404 http://www.kc0011.net/dispbbs.asp?boardID=14&ID=23788024&page=56>: HTTP status code is not handled or not allowed
2020-01-07 14:40:01 [scrapy.core.engine] DEBUG: Crawled (404) <GET http://www.kc0011.net/dispbbs.asp?boardID=14&ID=23721234&page=56> (referer: http://www.kc0011.net)
2020-01-07 14:40:01 [scrapy.spidermiddlewares.httperror] INFO: Ignoring response <404 http://www.kc0011.net/dispbbs.asp?boardID=14&ID=23721234&page=56>: HTTP status code is not handled or not allowed
2020-01-07 14:40:01 [scrapy.core.engine] DEBUG: Crawled (404) <GET http://www.kc0011.net/dispbbs.asp?boardID=14&ID=23795084&page=56> (referer: http://www.kc0011.net)
2020-01-07 14:40:01 [scrapy.spidermiddlewares.httperror] INFO: Ignoring response <404 http://www.kc0011.net/dispbbs.asp?boardID=14&ID=23795084&page=56>: HTTP status code is not handled or not allowed
2020-01-07 14:40:02 [scrapy.core.engine] DEBUG: Crawled (404) <GET http://www.kc0011.net/dispbbs.asp?boardID=14&ID=23797337&page=55> (referer: http://www.kc0011.net)
2020-01-07 14:40:02 [scrapy.spidermiddlewares.httperror] INFO: Ignoring response <404 http://www.kc0011.net/dispbbs.asp?boardID=14&ID=23797337&page=55>: HTTP status code is not handled or not allowed
2020-01-07 14:40:02 [scrapy.core.engine] DEBUG: Crawled (404) <GET http://www.kc0011.net/dispbbs.asp?boardID=14&ID=23791164&page=55> (referer: http://www.kc0011.net)
2020-01-07 14:40:03 [scrapy.spidermiddlewares.httperror] INFO: Ignoring response <404 http://www.kc0011.net/dispbbs.asp?boardID=14&ID=23791164&page=55>: HTTP status code is not handled or not allowed
2020-01-07 14:40:03 [scrapy.core.engine] DEBUG: Crawled (404) <GET http://www.kc0011.net/dispbbs.asp?boardID=14&ID=23821623&page=54> (referer: http://www.kc0011.net)
2020-01-07 14:40:03 [scrapy.spidermiddlewares.httperror] INFO: Ignoring response <404 http://www.kc0011.net/dispbbs.asp?boardID=14&ID=23821623&page=54>: HTTP status code is not handled or not allowed
2020-01-07 14:40:04 [scrapy.core.engine] DEBUG: Crawled (404) <GET http://www.kc0011.net/dispbbs.asp?boardID=14&ID=23820046&page=54> (referer: http://www.kc0011.net)
2020-01-07 14:40:04 [scrapy.spidermiddlewares.httperror] INFO: Ignoring response <404 http://www.kc0011.net/dispbbs.asp?boardID=14&ID=23820046&page=54>: HTTP status code is not handled or not allowed
2020-01-07 14:40:04 [scrapy.core.engine] DEBUG: Crawled (404) <GET http://www.kc0011.net/dispbbs.asp?boardID=14&ID=23824281&page=54> (referer: http://www.kc0011.net)
2020-01-07 14:40:04 [scrapy.spidermiddlewares.httperror] INFO: Ignoring response <404 http://www.kc0011.net/dispbbs.asp?boardID=14&ID=23824281&page=54>: HTTP status code is not handled or not allowed
2020-01-07 14:40:05 [scrapy.core.engine] DEBUG: Crawled (404) <GET http://www.kc0011.net/dispbbs.asp?boardID=14&ID=23817918&page=54> (referer: http://www.kc0011.net)
2020-01-07 14:40:05 [scrapy.spidermiddlewares.httperror] INFO: Ignoring response <404 http://www.kc0011.net/dispbbs.asp?boardID=14&ID=23817918&page=54>: HTTP status code is not handled or not allowed
2020-01-07 14:40:06 [scrapy.core.engine] DEBUG: Crawled (404) <GET http://www.kc0011.net/dispbbs.asp?boardID=14&ID=23829207&page=54> (referer: http://www.kc0011.net)
2020-01-07 14:40:06 [scrapy.spidermiddlewares.httperror] INFO: Ignoring response <404 http://www.kc0011.net/dispbbs.asp?boardID=14&ID=23829207&page=54>: HTTP status code is not handled or not allowed
2020-01-07 14:40:06 [scrapy.core.engine] DEBUG: Crawled (404) <GET http://www.kc0011.net/dispbbs.asp?boardID=14&ID=23838042&page=54> (referer: http://www.kc0011.net)
2020-01-07 14:40:06 [scrapy.spidermiddlewares.httperror] INFO: Ignoring response <404 http://www.kc0011.net/dispbbs.asp?boardID=14&ID=23838042&page=54>: HTTP status code is not handled or not allowed
2020-01-07 14:40:07 [scrapy.core.engine] DEBUG: Crawled (404) <GET http://www.kc0011.net/dispbbs.asp?boardID=14&ID=23632097&page=54> (referer: http://www.kc0011.net)
2020-01-07 14:40:07 [scrapy.spidermiddlewares.httperror] INFO: Ignoring response <404 http://www.kc0011.net/dispbbs.asp?boardID=14&ID=23632097&page=54>: HTTP status code is not handled or not allowed
2020-01-07 14:40:10 [kc_slave] DEBUG: Read 32 requests from 'kc0011_slave:start_urls'
2020-01-07 14:40:10 [scrapy.core.engine] DEBUG: Crawled (404) <GET http://www.kc0011.net/dispbbs.asp?boardID=14&ID=23825100&page=53> (referer: http://www.kc0011.net)
2020-01-07 14:40:10 [scrapy.spidermiddlewares.httperror] INFO: Ignoring response <404 http://www.kc0011.net/dispbbs.asp?boardID=14&ID=23825100&page=53>: HTTP status code is not handled or not allowed
2020-01-07 14:40:11 [scrapy.core.engine] DEBUG: Crawled (404) <GET http://www.kc0011.net/dispbbs.asp?boardID=14&ID=23838792&page=53> (referer: http://www.kc0011.net)
2020-01-07 14:40:11 [scrapy.spidermiddlewares.httperror] INFO: Ignoring response <404 http://www.kc0011.net/dispbbs.asp?boardID=14&ID=23838792&page=53>: HTTP status code is not handled or not allowed
2020-01-07 14:40:12 [scrapy.core.engine] DEBUG: Crawled (404) <GET http://www.kc0011.net/dispbbs.asp?boardID=14&ID=23850794&page=53> (referer: http://www.kc0011.net)
2020-01-07 14:40:12 [scrapy.spidermiddlewares.httperror] INFO: Ignoring response <404 http://www.kc0011.net/dispbbs.asp?boardID=14&ID=23850794&page=53>: HTTP status code is not handled or not allowed
2020-01-07 14:40:12 [scrapy.core.engine] DEBUG: Crawled (404) <GET http://www.kc0011.net/dispbbs.asp?boardID=14&ID=23910241&page=50> (referer: http://www.kc0011.net)
2020-01-07 14:40:12 [scrapy.spidermiddlewares.httperror] INFO: Ignoring response <404 http://www.kc0011.net/dispbbs.asp?boardID=14&ID=23910241&page=50>: HTTP status code is not handled or not allowed
2020-01-07 14:40:13 [scrapy.core.engine] DEBUG: Crawled (404) <GET http://www.kc0011.net/dispbbs.asp?boardID=14&ID=23916502&page=50> (referer: http://www.kc0011.net)
2020-01-07 14:40:13 [scrapy.spidermiddlewares.httperror] INFO: Ignoring response <404 http://www.kc0011.net/dispbbs.asp?boardID=14&ID=23916502&page=50>: HTTP status code is not handled or not allowed
2020-01-07 14:40:13 [scrapy.core.engine] DEBUG: Crawled (404) <GET http://www.kc0011.net/dispbbs.asp?boardID=14&ID=23979034&page=47> (referer: http://www.kc0011.net)
2020-01-07 14:40:14 [scrapy.spidermiddlewares.httperror] INFO: Ignoring response <404 http://www.kc0011.net/dispbbs.asp?boardID=14&ID=23979034&page=47>: HTTP status code is not handled or not allowed
2020-01-07 14:40:14 [scrapy.core.engine] DEBUG: Crawled (404) <GET http://www.kc0011.net/dispbbs.asp?boardID=14&ID=23986106&page=47> (referer: http://www.kc0011.net)
2020-01-07 14:40:14 [scrapy.spidermiddlewares.httperror] INFO: Ignoring response <404 http://www.kc0011.net/dispbbs.asp?boardID=14&ID=23986106&page=47>: HTTP status code is not handled or not allowed
2020-01-07 14:40:15 [scrapy.core.engine] DEBUG: Crawled (404) <GET http://www.kc0011.net/dispbbs.asp?boardID=14&ID=24009218&page=47> (referer: http://www.kc0011.net)
2020-01-07 14:40:15 [scrapy.spidermiddlewares.httperror] INFO: Ignoring response <404 http://www.kc0011.net/dispbbs.asp?boardID=14&ID=24009218&page=47>: HTTP status code is not handled or not allowed
2020-01-07 14:40:15 [scrapy.core.engine] DEBUG: Crawled (404) <GET http://www.kc0011.net/dispbbs.asp?boardID=14&ID=24041805&page=45> (referer: http://www.kc0011.net)
2020-01-07 14:40:15 [scrapy.spidermiddlewares.httperror] INFO: Ignoring response <404 http://www.kc0011.net/dispbbs.asp?boardID=14&ID=24041805&page=45>: HTTP status code is not handled or not allowed
2020-01-07 14:40:16 [scrapy.core.engine] DEBUG: Crawled (404) <GET http://www.kc0011.net/dispbbs.asp?boardID=14&ID=24051680&page=45> (referer: http://www.kc0011.net)
2020-01-07 14:40:16 [scrapy.spidermiddlewares.httperror] INFO: Ignoring response <404 http://www.kc0011.net/dispbbs.asp?boardID=14&ID=24051680&page=45>: HTTP status code is not handled or not allowed
2020-01-07 14:40:16 [scrapy.core.engine] DEBUG: Crawled (404) <GET http://www.kc0011.net/dispbbs.asp?boardID=14&ID=24053766&page=45> (referer: http://www.kc0011.net)
2020-01-07 14:40:16 [scrapy.spidermiddlewares.httperror] INFO: Ignoring response <404 http://www.kc0011.net/dispbbs.asp?boardID=14&ID=24053766&page=45>: HTTP status code is not handled or not allowed
2020-01-07 14:40:17 [scrapy.core.engine] DEBUG: Crawled (404) <GET http://www.kc0011.net/dispbbs.asp?boardID=10&ID=24868164&page=162> (referer: http://www.kc0011.net)
2020-01-07 14:40:17 [scrapy.spidermiddlewares.httperror] INFO: Ignoring response <404 http://www.kc0011.net/dispbbs.asp?boardID=10&ID=24868164&page=162>: HTTP status code is not handled or not allowed
2020-01-07 14:40:18 [scrapy.core.engine] DEBUG: Crawled (404) <GET http://www.kc0011.net/dispbbs.asp?boardID=10&ID=24879429&page=162> (referer: http://www.kc0011.net)
2020-01-07 14:40:18 [scrapy.spidermiddlewares.httperror] INFO: Ignoring response <404 http://www.kc0011.net/dispbbs.asp?boardID=10&ID=24879429&page=162>: HTTP status code is not handled or not allowed
2020-01-07 14:40:21 [kc_slave] DEBUG: Read 32 requests from 'kc0011_slave:start_urls'
2020-01-07 14:40:21 [scrapy.core.engine] DEBUG: Crawled (404) <GET http://www.kc0011.net/dispbbs.asp?boardID=14&ID=24007835&page=42> (referer: http://www.kc0011.net)
2020-01-07 14:40:21 [scrapy.spidermiddlewares.httperror] INFO: Ignoring response <404 http://www.kc0011.net/dispbbs.asp?boardID=14&ID=24007835&page=42>: HTTP status code is not handled or not allowed
2020-01-07 14:40:22 [scrapy.core.engine] DEBUG: Crawled (404) <GET http://www.kc0011.net/dispbbs.asp?boardID=14&ID=24112976&page=42> (referer: http://www.kc0011.net)
2020-01-07 14:40:22 [scrapy.spidermiddlewares.httperror] INFO: Ignoring response <404 http://www.kc0011.net/dispbbs.asp?boardID=14&ID=24112976&page=42>: HTTP status code is not handled or not allowed
2020-01-07 14:40:23 [scrapy.core.engine] DEBUG: Crawled (404) <GET http://www.kc0011.net/dispbbs.asp?boardID=14&ID=24122086&page=42> (referer: http://www.kc0011.net)
2020-01-07 14:40:23 [scrapy.spidermiddlewares.httperror] INFO: Ignoring response <404 http://www.kc0011.net/dispbbs.asp?boardID=14&ID=24122086&page=42>: HTTP status code is not handled or not allowed
2020-01-07 14:40:27 [kc_slave] DEBUG: Read 32 requests from 'kc0011_slave:start_urls'
2020-01-07 14:40:28 [scrapy.core.engine] DEBUG: Crawled (404) <GET http://www.kc0011.net/dispbbs.asp?boardID=11&ID=24206815&page=107> (referer: http://www.kc0011.net)
2020-01-07 14:40:29 [scrapy.spidermiddlewares.httperror] INFO: Ignoring response <404 http://www.kc0011.net/dispbbs.asp?boardID=11&ID=24206815&page=107>: HTTP status code is not handled or not allowed
2020-01-07 14:40:29 [scrapy.core.engine] DEBUG: Crawled (404) <GET http://www.kc0011.net/dispbbs.asp?boardID=11&ID=24281126&page=115> (referer: http://www.kc0011.net)
2020-01-07 14:40:29 [scrapy.spidermiddlewares.httperror] INFO: Ignoring response <404 http://www.kc0011.net/dispbbs.asp?boardID=11&ID=24281126&page=115>: HTTP status code is not handled or not allowed
2020-01-07 14:40:29 [scrapy.core.engine] DEBUG: Crawled (404) <GET http://www.kc0011.net/dispbbs.asp?boardID=11&ID=24308938&page=115> (referer: http://www.kc0011.net)
2020-01-07 14:40:30 [scrapy.spidermiddlewares.httperror] INFO: Ignoring response <404 http://www.kc0011.net/dispbbs.asp?boardID=11&ID=24308938&page=115>: HTTP status code is not handled or not allowed
2020-01-07 14:40:30 [scrapy.core.engine] DEBUG: Crawled (404) <GET http://www.kc0011.net/dispbbs.asp?boardID=11&ID=24311391&page=115> (referer: http://www.kc0011.net)
2020-01-07 14:40:30 [scrapy.spidermiddlewares.httperror] INFO: Ignoring response <404 http://www.kc0011.net/dispbbs.asp?boardID=11&ID=24311391&page=115>: HTTP status code is not handled or not allowed
2020-01-07 14:40:31 [scrapy.core.engine] DEBUG: Crawled (404) <GET http://www.kc0011.net/dispbbs.asp?boardID=11&ID=24311398&page=115> (referer: http://www.kc0011.net)
2020-01-07 14:40:31 [scrapy.spidermiddlewares.httperror] INFO: Ignoring response <404 http://www.kc0011.net/dispbbs.asp?boardID=11&ID=24311398&page=115>: HTTP status code is not handled or not allowed
2020-01-07 14:40:31 [scrapy.core.engine] DEBUG: Crawled (404) <GET http://www.kc0011.net/dispbbs.asp?boardID=11&ID=24311620&page=115> (referer: http://www.kc0011.net)
2020-01-07 14:40:31 [scrapy.spidermiddlewares.httperror] INFO: Ignoring response <404 http://www.kc0011.net/dispbbs.asp?boardID=11&ID=24311620&page=115>: HTTP status code is not handled or not allowed
2020-01-07 14:40:32 [scrapy.core.engine] DEBUG: Crawled (404) <GET http://www.kc0011.net/dispbbs.asp?boardID=11&ID=24312331&page=115> (referer: http://www.kc0011.net)
2020-01-07 14:40:32 [scrapy.spidermiddlewares.httperror] INFO: Ignoring response <404 http://www.kc0011.net/dispbbs.asp?boardID=11&ID=24312331&page=115>: HTTP status code is not handled or not allowed
2020-01-07 14:40:33 [scrapy.core.engine] DEBUG: Crawled (404) <GET http://www.kc0011.net/dispbbs.asp?boardID=11&ID=24313748&page=115> (referer: http://www.kc0011.net)
2020-01-07 14:40:33 [scrapy.spidermiddlewares.httperror] INFO: Ignoring response <404 http://www.kc0011.net/dispbbs.asp?boardID=11&ID=24313748&page=115>: HTTP status code is not handled or not allowed
2020-01-07 14:40:33 [scrapy.core.engine] DEBUG: Crawled (404) <GET http://www.kc0011.net/dispbbs.asp?boardID=11&ID=24314152&page=115> (referer: http://www.kc0011.net)
2020-01-07 14:40:33 [scrapy.spidermiddlewares.httperror] INFO: Ignoring response <404 http://www.kc0011.net/dispbbs.asp?boardID=11&ID=24314152&page=115>: HTTP status code is not handled or not allowed
2020-01-07 14:40:34 [scrapy.core.engine] DEBUG: Crawled (404) <GET http://www.kc0011.net/dispbbs.asp?boardID=11&ID=24314190&page=115> (referer: http://www.kc0011.net)
2020-01-07 14:40:34 [scrapy.spidermiddlewares.httperror] INFO: Ignoring response <404 http://www.kc0011.net/dispbbs.asp?boardID=11&ID=24314190&page=115>: HTTP status code is not handled or not allowed
2020-01-07 14:40:35 [scrapy.core.engine] DEBUG: Crawled (404) <GET http://www.kc0011.net/dispbbs.asp?boardID=11&ID=24314277&page=115> (referer: http://www.kc0011.net)
2020-01-07 14:40:35 [scrapy.spidermiddlewares.httperror] INFO: Ignoring response <404 http://www.kc0011.net/dispbbs.asp?boardID=11&ID=24314277&page=115>: HTTP status code is not handled or not allowed
2020-01-07 14:40:35 [scrapy.core.engine] DEBUG: Crawled (404) <GET http://www.kc0011.net/dispbbs.asp?boardID=11&ID=24315495&page=115> (referer: http://www.kc0011.net)
2020-01-07 14:40:35 [scrapy.spidermiddlewares.httperror] INFO: Ignoring response <404 http://www.kc0011.net/dispbbs.asp?boardID=11&ID=24315495&page=115>: HTTP status code is not handled or not allowed
2020-01-07 14:40:36 [scrapy.core.engine] DEBUG: Crawled (404) <GET http://www.kc0011.net/dispbbs.asp?boardID=11&ID=24315844&page=115> (referer: http://www.kc0011.net)
2020-01-07 14:40:36 [scrapy.spidermiddlewares.httperror] INFO: Ignoring response <404 http://www.kc0011.net/dispbbs.asp?boardID=11&ID=24315844&page=115>: HTTP status code is not handled or not allowed
2020-01-07 14:40:37 [scrapy.crawler] INFO: Received SIGINT, shutting down gracefully. Send again to force 
2020-01-07 14:40:37 [scrapy.core.engine] INFO: Closing spider (shutdown)
2020-01-07 14:40:37 [scrapy.core.engine] DEBUG: Crawled (404) <GET http://www.kc0011.net/dispbbs.asp?boardID=11&ID=24316077&page=115> (referer: http://www.kc0011.net)
2020-01-07 14:40:37 [scrapy.spidermiddlewares.httperror] INFO: Ignoring response <404 http://www.kc0011.net/dispbbs.asp?boardID=11&ID=24316077&page=115>: HTTP status code is not handled or not allowed
2020-01-07 14:40:37 [scrapy.core.engine] DEBUG: Crawled (404) <GET http://www.kc0011.net/dispbbs.asp?boardID=11&ID=24317613&page=115> (referer: http://www.kc0011.net)
2020-01-07 14:40:37 [scrapy.spidermiddlewares.httperror] INFO: Ignoring response <404 http://www.kc0011.net/dispbbs.asp?boardID=11&ID=24317613&page=115>: HTTP status code is not handled or not allowed
2020-01-07 14:40:38 [scrapy.core.engine] DEBUG: Crawled (404) <GET http://www.kc0011.net/dispbbs.asp?boardID=11&ID=24318572&page=115> (referer: http://www.kc0011.net)
2020-01-07 14:40:38 [scrapy.spidermiddlewares.httperror] INFO: Ignoring response <404 http://www.kc0011.net/dispbbs.asp?boardID=11&ID=24318572&page=115>: HTTP status code is not handled or not allowed
2020-01-07 14:40:39 [scrapy.core.engine] DEBUG: Crawled (404) <GET http://www.kc0011.net/dispbbs.asp?boardID=11&ID=24337886&page=107> (referer: http://www.kc0011.net)
2020-01-07 14:40:39 [scrapy.spidermiddlewares.httperror] INFO: Ignoring response <404 http://www.kc0011.net/dispbbs.asp?boardID=11&ID=24337886&page=107>: HTTP status code is not handled or not allowed
2020-01-07 14:40:39 [scrapy.core.engine] DEBUG: Crawled (404) <GET http://www.kc0011.net/dispbbs.asp?boardID=11&ID=24354319&page=107> (referer: http://www.kc0011.net)
2020-01-07 14:40:39 [scrapy.spidermiddlewares.httperror] INFO: Ignoring response <404 http://www.kc0011.net/dispbbs.asp?boardID=11&ID=24354319&page=107>: HTTP status code is not handled or not allowed
2020-01-07 14:40:40 [scrapy.core.engine] DEBUG: Crawled (404) <GET http://www.kc0011.net/dispbbs.asp?boardID=11&ID=24356470&page=107> (referer: http://www.kc0011.net)
2020-01-07 14:40:40 [scrapy.spidermiddlewares.httperror] INFO: Ignoring response <404 http://www.kc0011.net/dispbbs.asp?boardID=11&ID=24356470&page=107>: HTTP status code is not handled or not allowed
2020-01-07 14:40:40 [scrapy.core.engine] DEBUG: Crawled (404) <GET http://www.kc0011.net/dispbbs.asp?boardID=11&ID=24375658&page=107> (referer: http://www.kc0011.net)
2020-01-07 14:40:40 [scrapy.spidermiddlewares.httperror] INFO: Ignoring response <404 http://www.kc0011.net/dispbbs.asp?boardID=11&ID=24375658&page=107>: HTTP status code is not handled or not allowed
2020-01-07 14:40:41 [scrapy.core.engine] DEBUG: Crawled (404) <GET http://www.kc0011.net/dispbbs.asp?boardID=11&ID=24376349&page=107> (referer: http://www.kc0011.net)
2020-01-07 14:40:41 [scrapy.spidermiddlewares.httperror] INFO: Ignoring response <404 http://www.kc0011.net/dispbbs.asp?boardID=11&ID=24376349&page=107>: HTTP status code is not handled or not allowed
2020-01-07 14:40:41 [scrapy.core.engine] DEBUG: Crawled (404) <GET http://www.kc0011.net/dispbbs.asp?boardID=11&ID=24376616&page=107> (referer: http://www.kc0011.net)
2020-01-07 14:40:42 [scrapy.spidermiddlewares.httperror] INFO: Ignoring response <404 http://www.kc0011.net/dispbbs.asp?boardID=11&ID=24376616&page=107>: HTTP status code is not handled or not allowed
2020-01-07 14:40:42 [scrapy.statscollectors] INFO: Dumping Scrapy stats:
{'downloader/request_bytes': 34314,
 'downloader/request_count': 67,
 'downloader/request_method_count/GET': 67,
 'downloader/response_bytes': 87167,
 'downloader/response_count': 67,
 'downloader/response_status_count/404': 67,
 'finish_reason': 'shutdown',
 'finish_time': datetime.datetime(2020, 1, 7, 6, 40, 42, 101252),
 'httpcache/firsthand': 67,
 'httpcache/miss': 67,
 'httpcache/store': 67,
 'httperror/response_ignored_count': 67,
 'httperror/response_ignored_status_count/404': 67,
 'log_count/DEBUG': 72,
 'log_count/INFO': 78,
 'memusage/max': 97460224,
 'memusage/startup': 97456128,
 'response_received_count': 67,
 'scheduler/dequeued/redis': 67,
 'scheduler/enqueued/redis': 128,
 'start_time': datetime.datetime(2020, 1, 7, 6, 39, 49, 200638)}
2020-01-07 14:40:42 [scrapy.core.engine] INFO: Spider closed (shutdown)
